<?xml version="1.0" encoding="UTF-8"?>
<!-- Generated by org.testng.reporters.JUnitReportReporter -->
<testsuite hostname="LAPTOP-K3M1CQVT" failures="0" tests="2" name="LoginTest.BasicWebForm" time="12.968" errors="0" timestamp="2024-06-18T22:38:33 IST" skipped="0">
  <testcase classname="LoginTest.BasicWebForm" name="testEmptyFields" time="6.966"/>
  <system-out/>
  <testcase classname="LoginTest.BasicWebForm" name="testValidFormSubmission" time="6.002"/>
  <system-out/>
</testsuite> <!-- LoginTest.BasicWebForm -->
