<?xml version="1.0" encoding="UTF-8"?>
<!-- Generated by org.testng.reporters.JUnitReportReporter -->
<testsuite hostname="LAPTOP-K3M1CQVT" failures="0" tests="1" name="websiteTest.WebTesting" time="9.015" errors="0" timestamp="2024-06-18T22:40:38 IST" skipped="0">
  <testcase classname="websiteTest.WebTesting" name="testValidLogin" time="9.015"/>
  <system-out/>
</testsuite> <!-- websiteTest.WebTesting -->
